TN:
SF:app.js
FN:32,(anonymous_0)
FN:37,(anonymous_1)
FNF:2
FNH:2
FNDA:2,(anonymous_0)
FNDA:78,(anonymous_1)
DA:5,5
DA:6,5
DA:8,5
DA:10,5
DA:11,5
DA:12,5
DA:13,5
DA:14,5
DA:16,5
DA:18,5
DA:20,5
DA:21,5
DA:22,5
DA:23,5
DA:25,5
DA:26,5
DA:27,5
DA:28,5
DA:32,5
DA:33,2
DA:37,5
DA:38,78
DA:39,78
DA:40,78
DA:42,78
DA:47,5
LF:26
LH:26
BRDA:38,0,0,1
BRDA:38,0,1,77
BRDA:39,1,0,78
BRDA:39,1,1,1
BRF:4
BRH:4
end_of_record
TN:
SF:config.js
FN:13,getDatabaseUri
FNF:1
FNH:1
FNDA:22,getDatabaseUri
DA:5,11
DA:6,11
DA:8,11
DA:10,11
DA:14,22
DA:22,11
DA:24,11
DA:25,11
DA:26,11
DA:27,11
DA:28,11
DA:29,11
DA:31,11
LF:13
LH:13
BRDA:8,0,0,11
BRDA:8,0,1,10
BRDA:10,1,0,11
BRDA:10,1,1,10
BRDA:14,2,0,19
BRDA:14,2,1,3
BRDA:16,3,0,3
BRDA:16,3,1,1
BRDA:22,4,0,10
BRDA:22,4,1,1
BRF:10
BRH:10
end_of_record
TN:
SF:db.js
FNF:0
FNH:0
DA:5,8
DA:6,8
DA:8,8
DA:12,8
DA:14,8
LF:5
LH:5
BRF:0
BRH:0
end_of_record
TN:
SF:helpers/sql.js
FN:20,sqlForPartialUpdate
FN:25,(anonymous_1)
FNF:2
FNH:2
FNDA:20,sqlForPartialUpdate
FNDA:32,(anonymous_1)
DA:1,9
DA:21,20
DA:22,20
DA:25,17
DA:26,32
DA:29,17
DA:35,9
LF:7
LH:7
BRDA:22,0,0,3
BRDA:22,0,1,17
BRDA:26,1,0,32
BRDA:26,1,1,17
BRF:4
BRH:4
end_of_record
TN:
SF:helpers/tokens.js
FN:6,createToken
FNF:1
FNH:1
FNDA:19,createToken
DA:1,6
DA:2,6
DA:7,19
DA:10,19
DA:15,19
DA:18,6
LF:6
LH:6
BRDA:12,0,0,19
BRDA:12,0,1,13
BRF:2
BRH:2
end_of_record
TN:
SF:middleware/auth.js
FN:18,authenticateJWT
FN:38,ensureLoggedIn
FN:49,ensureAdmin
FN:63,ensureCorrectUserOrAdmin
FNF:4
FNH:4
FNDA:110,authenticateJWT
FNDA:3,ensureLoggedIn
FNDA:56,ensureAdmin
FNDA:37,ensureCorrectUserOrAdmin
DA:5,6
DA:6,6
DA:7,6
DA:19,110
DA:20,110
DA:21,66
DA:23,66
DA:24,66
DA:29,110
DA:39,3
DA:40,2
DA:50,56
DA:51,26
DA:53,30
DA:64,37
DA:65,37
DA:66,37
DA:67,18
DA:70,19
DA:74,6
LF:20
LH:20
BRDA:20,0,0,66
BRDA:20,0,1,44
BRDA:39,1,0,1
BRDA:39,1,1,2
BRDA:50,2,0,26
BRDA:50,2,1,30
BRDA:50,3,0,56
BRDA:50,3,1,43
BRDA:66,4,0,18
BRDA:66,4,1,19
BRDA:66,5,0,37
BRDA:66,5,1,28
BRDA:66,5,2,23
BRF:13
BRH:13
end_of_record
TN:
SF:models/_testCommon.js
FN:8,commonBeforeAll
FN:27,(anonymous_1)
FN:49,commonBeforeEach
FN:53,commonAfterEach
FN:57,commonAfterAll
FNF:5
FNH:5
FNDA:3,commonBeforeAll
FNDA:12,(anonymous_1)
FNDA:53,commonBeforeEach
FNDA:53,commonAfterEach
FNDA:3,commonAfterAll
DA:1,3
DA:3,3
DA:4,3
DA:6,3
DA:10,3
DA:12,3
DA:14,3
DA:20,3
DA:27,12
DA:29,3
DA:43,3
DA:50,53
DA:54,53
DA:58,3
DA:62,3
LF:15
LH:15
BRF:0
BRH:0
end_of_record
TN:
SF:models/company.js
FN:19,(anonymous_0)
FN:67,(anonymous_1)
FN:103,(anonymous_2)
FN:133,(anonymous_3)
FN:171,(anonymous_4)
FN:203,(anonymous_5)
FNF:6
FNH:6
FNDA:16,(anonymous_0)
FNDA:13,(anonymous_1)
FNDA:10,(anonymous_2)
FNDA:5,(anonymous_3)
FNDA:6,(anonymous_4)
FNDA:4,(anonymous_5)
DA:3,6
DA:4,6
DA:5,6
DA:20,16
DA:25,16
DA:26,1
DA:28,15
DA:48,15
DA:50,15
DA:68,13
DA:69,13
DA:71,13
DA:72,6
DA:73,6
DA:76,13
DA:77,5
DA:78,5
DA:81,13
DA:82,4
DA:83,4
DA:86,13
DA:90,13
DA:104,10
DA:106,10
DA:107,1
DA:110,9
DA:114,9
DA:122,9
DA:134,5
DA:143,5
DA:145,5
DA:147,3
DA:154,3
DA:156,3
DA:172,6
DA:178,5
DA:180,5
DA:190,5
DA:191,5
DA:193,5
DA:195,3
DA:204,4
DA:209,4
DA:211,4
DA:216,6
LF:45
LH:45
BRDA:25,0,0,1
BRDA:25,0,1,15
BRDA:71,1,0,6
BRDA:71,1,1,7
BRDA:76,2,0,5
BRDA:76,2,1,8
BRDA:81,3,0,4
BRDA:81,3,1,9
BRDA:86,4,0,10
BRDA:86,4,1,3
BRDA:103,5,0,1
BRDA:106,6,0,1
BRDA:106,6,1,9
BRDA:145,7,0,2
BRDA:145,7,1,3
BRDA:193,8,0,2
BRDA:193,8,1,3
BRDA:211,9,0,2
BRDA:211,9,1,2
BRF:19
BRH:19
end_of_record
TN:
SF:models/job.js
FN:20,(anonymous_0)
FN:66,(anonymous_1)
FN:101,(anonymous_2)
FN:129,(anonymous_3)
FN:170,(anonymous_4)
FN:198,(anonymous_5)
FNF:6
FNH:6
FNDA:16,(anonymous_0)
FNDA:8,(anonymous_1)
FNDA:8,(anonymous_2)
FNDA:4,(anonymous_3)
FNDA:4,(anonymous_4)
FNDA:4,(anonymous_5)
DA:3,6
DA:4,6
DA:5,6
DA:21,16
DA:26,16
DA:28,16
DA:30,14
DA:47,14
DA:49,14
DA:67,8
DA:68,8
DA:70,8
DA:71,3
DA:72,3
DA:75,8
DA:76,3
DA:79,8
DA:80,2
DA:81,2
DA:84,8
DA:88,8
DA:103,8
DA:107,8
DA:118,8
DA:130,4
DA:139,4
DA:141,4
DA:143,2
DA:152,2
DA:153,2
DA:155,2
DA:171,4
DA:174,3
DA:176,3
DA:185,3
DA:186,3
DA:188,3
DA:190,2
DA:199,4
DA:204,4
DA:206,4
DA:210,6
LF:42
LH:42
BRDA:28,0,0,2
BRDA:28,0,1,14
BRDA:70,1,0,3
BRDA:70,1,1,5
BRDA:75,2,0,3
BRDA:75,2,1,5
BRDA:79,3,0,2
BRDA:79,3,1,6
BRDA:84,4,0,6
BRDA:84,4,1,2
BRDA:101,5,0,1
BRDA:141,6,0,2
BRDA:141,6,1,2
BRDA:188,7,0,1
BRDA:188,7,1,2
BRDA:206,8,0,2
BRDA:206,8,1,2
BRF:17
BRH:17
end_of_record
TN:
SF:models/user.js
FN:24,(anonymous_0)
FN:58,(anonymous_1)
FN:106,(anonymous_2)
FN:128,(anonymous_3)
FN:148,(anonymous_4)
FN:169,(anonymous_5)
FN:203,(anonymous_6)
FN:221,(anonymous_7)
FNF:8
FNH:8
FNDA:7,(anonymous_0)
FNDA:19,(anonymous_1)
FNDA:3,(anonymous_2)
FNDA:5,(anonymous_3)
FNDA:3,(anonymous_4)
FNDA:8,(anonymous_5)
FNDA:5,(anonymous_6)
FNDA:12,(anonymous_7)
DA:3,6
DA:4,6
DA:5,6
DA:10,6
DA:12,6
DA:26,7
DA:37,7
DA:39,7
DA:41,4
DA:42,4
DA:43,3
DA:44,3
DA:48,4
DA:60,19
DA:66,19
DA:67,1
DA:70,18
DA:72,18
DA:96,18
DA:98,18
DA:107,3
DA:117,2
DA:129,5
DA:139,5
DA:141,5
DA:143,3
DA:148,3
DA:149,3
DA:170,8
DA:171,2
DA:174,8
DA:181,7
DA:183,7
DA:192,7
DA:193,7
DA:195,7
DA:197,5
DA:198,5
DA:204,5
DA:210,5
DA:212,5
DA:222,12
DA:226,12
DA:228,12
DA:230,9
DA:234,9
DA:236,9
DA:238,7
DA:245,6
LF:49
LH:49
BRDA:39,0,0,4
BRDA:39,0,1,3
BRDA:42,1,0,3
BRDA:42,1,1,1
BRDA:66,2,0,1
BRDA:66,2,1,18
BRDA:141,3,0,2
BRDA:141,3,1,3
BRDA:170,4,0,2
BRDA:170,4,1,6
BRDA:195,5,0,2
BRDA:195,5,1,5
BRDA:212,6,0,2
BRDA:212,6,1,3
BRDA:228,7,0,3
BRDA:228,7,1,9
BRDA:236,8,0,2
BRDA:236,8,1,7
BRF:18
BRH:18
end_of_record
TN:
SF:routes/_testCommon.js
FN:11,commonBeforeAll
FN:77,commonBeforeEach
FN:81,commonAfterEach
FN:85,commonAfterAll
FNF:4
FNH:4
FNDA:4,commonBeforeAll
FNDA:105,commonBeforeEach
FNDA:105,commonAfterEach
FNDA:4,commonAfterAll
DA:3,4
DA:4,4
DA:5,4
DA:6,4
DA:7,4
DA:9,4
DA:13,4
DA:15,4
DA:17,4
DA:25,4
DA:33,4
DA:42,4
DA:44,4
DA:46,4
DA:49,4
DA:57,4
DA:65,4
DA:74,4
DA:78,105
DA:82,105
DA:86,4
DA:90,4
DA:91,4
DA:92,4
DA:95,4
LF:25
LH:25
BRF:0
BRH:0
end_of_record
TN:
SF:routes/auth.js
FN:22,(anonymous_0)
FN:29,(anonymous_1)
FN:49,(anonymous_2)
FN:56,(anonymous_3)
FNF:4
FNH:4
FNDA:5,(anonymous_0)
FNDA:2,(anonymous_1)
FNDA:3,(anonymous_2)
FNDA:5,(anonymous_3)
DA:5,5
DA:7,5
DA:8,5
DA:9,5
DA:10,5
DA:11,5
DA:12,5
DA:13,5
DA:22,5
DA:23,5
DA:28,5
DA:29,2
DA:30,2
DA:33,3
DA:34,3
DA:35,1
DA:36,1
DA:49,5
DA:50,3
DA:55,3
DA:56,5
DA:57,2
DA:60,1
DA:61,1
DA:62,1
DA:66,5
LF:26
LH:26
BRDA:28,0,0,2
BRDA:28,0,1,3
BRDA:55,1,0,2
BRDA:55,1,1,1
BRF:4
BRH:4
end_of_record
TN:
SF:routes/companies.js
FN:28,(anonymous_0)
FN:35,(anonymous_1)
FN:54,(anonymous_2)
FN:66,(anonymous_3)
FN:82,(anonymous_4)
FN:98,(anonymous_5)
FN:105,(anonymous_6)
FN:118,(anonymous_7)
FNF:8
FNH:8
FNDA:3,(anonymous_0)
FNDA:3,(anonymous_1)
FNDA:4,(anonymous_2)
FNDA:1,(anonymous_3)
FNDA:3,(anonymous_4)
FNDA:4,(anonymous_5)
FNDA:2,(anonymous_6)
FNDA:2,(anonymous_7)
DA:5,5
DA:6,5
DA:8,5
DA:9,5
DA:10,5
DA:12,5
DA:13,5
DA:14,5
DA:16,5
DA:28,5
DA:29,3
DA:34,3
DA:35,3
DA:36,2
DA:39,1
DA:40,1
DA:54,5
DA:55,4
DA:57,4
DA:58,4
DA:60,4
DA:65,4
DA:66,1
DA:67,1
DA:70,3
DA:71,3
DA:82,5
DA:83,3
DA:84,2
DA:98,5
DA:99,4
DA:104,4
DA:105,2
DA:106,2
DA:109,2
DA:110,1
DA:118,5
DA:119,2
DA:120,1
DA:124,5
LF:40
LH:40
BRDA:34,0,0,2
BRDA:34,0,1,1
BRDA:57,1,0,3
BRDA:57,1,1,1
BRDA:58,2,0,1
BRDA:58,2,1,3
BRDA:65,3,0,1
BRDA:65,3,1,3
BRDA:104,4,0,2
BRDA:104,4,1,2
BRF:10
BRH:10
end_of_record
TN:
SF:routes/jobs.js
FN:27,(anonymous_0)
FN:34,(anonymous_1)
FN:53,(anonymous_2)
FN:65,(anonymous_3)
FN:81,(anonymous_4)
FN:96,(anonymous_5)
FN:103,(anonymous_6)
FN:116,(anonymous_7)
FNF:8
FNH:8
FNDA:4,(anonymous_0)
FNDA:2,(anonymous_1)
FNDA:4,(anonymous_2)
FNDA:1,(anonymous_3)
FNDA:2,(anonymous_4)
FNDA:4,(anonymous_5)
FNDA:6,(anonymous_6)
FNDA:2,(anonymous_7)
DA:5,5
DA:7,5
DA:8,5
DA:9,5
DA:10,5
DA:11,5
DA:12,5
DA:13,5
DA:15,5
DA:27,5
DA:28,4
DA:33,4
DA:34,2
DA:35,2
DA:38,2
DA:39,1
DA:53,5
DA:54,4
DA:56,4
DA:57,4
DA:59,4
DA:64,4
DA:65,1
DA:66,1
DA:69,3
DA:70,3
DA:81,5
DA:82,2
DA:83,1
DA:96,5
DA:97,4
DA:102,4
DA:103,6
DA:104,3
DA:107,1
DA:108,1
DA:116,5
DA:117,2
DA:118,1
DA:122,5
LF:40
LH:40
BRDA:33,0,0,2
BRDA:33,0,1,2
BRDA:56,1,0,2
BRDA:56,1,1,2
BRDA:64,2,0,1
BRDA:64,2,1,3
BRDA:102,3,0,3
BRDA:102,3,1,1
BRF:8
BRH:8
end_of_record
TN:
SF:routes/users.js
FN:30,(anonymous_0)
FN:38,(anonymous_1)
FN:58,(anonymous_2)
FN:76,(anonymous_3)
FN:96,(anonymous_4)
FN:104,(anonymous_5)
FN:121,(anonymous_6)
FN:138,(anonymous_7)
FNF:8
FNH:8
FNDA:4,(anonymous_0)
FNDA:5,(anonymous_1)
FNDA:2,(anonymous_2)
FNDA:3,(anonymous_3)
FNDA:5,(anonymous_4)
FNDA:1,(anonymous_5)
FNDA:3,(anonymous_6)
FNDA:5,(anonymous_7)
DA:5,5
DA:7,5
DA:8,5
DA:9,5
DA:10,5
DA:11,5
DA:12,5
DA:13,5
DA:15,5
DA:30,5
DA:31,4
DA:32,4
DA:37,4
DA:38,5
DA:39,2
DA:42,2
DA:43,2
DA:44,2
DA:46,2
DA:58,5
DA:59,2
DA:60,2
DA:61,1
DA:63,1
DA:76,5
DA:77,3
DA:78,3
DA:79,2
DA:81,1
DA:96,5
DA:97,5
DA:98,5
DA:103,5
DA:104,1
DA:105,1
DA:108,4
DA:109,3
DA:111,2
DA:121,5
DA:122,3
DA:123,3
DA:124,2
DA:126,1
DA:138,5
DA:139,5
DA:140,5
DA:141,5
DA:142,2
DA:144,3
DA:149,5
LF:50
LH:50
BRDA:37,0,0,2
BRDA:37,0,1,2
BRDA:103,1,0,1
BRDA:103,1,1,4
BRF:4
BRH:4
end_of_record
